<?xml version="1.0" encoding="UTF-8"?>
<!-- Generated by org.testng.reporters.JUnitXMLReporter -->
<testsuite ignored="4" hostname="DESKTOP-ACPQAES" failures="0" tests="0" time="0.012" errors="0" timestamp="2025-04-01T06:47:33 IST">
  <testcase classname="testscript.LoginPageTest" name="verifyUsercanloginWithInvalidCredentials" time="0.0">
    <ignored/>
  </testcase> <!-- verifyUsercanloginWithInvalidCredentials -->
  <testcase classname="testscript.LoginPageTest" name="verifyUsercanloginWithInValidCredentials" time="0.0">
    <ignored/>
  </testcase> <!-- verifyUsercanloginWithInValidCredentials -->
  <testcase classname="testscript.LoginPageTest" name="verifyUsercanloginWithINValidUsernames" time="0.0">
    <ignored/>
  </testcase> <!-- verifyUsercanloginWithINValidUsernames -->
  <testcase classname="testscript.LoginPageTest" name="verifyUsercanloginWithValidPassword" time="0.0">
    <ignored/>
  </testcase> <!-- verifyUsercanloginWithValidPassword -->
</testsuite>
