<?xml version="1.0" encoding="UTF-8"?>
<testng-results ignored="0" total="2" passed="2" failed="0" skipped="0">
  <reporter-output>
  </reporter-output>
  <suite started-at="2025-04-03T10:26:26 IST" name="MultibrowserTesting" finished-at="2025-04-03T10:26:47 IST" duration-ms="20418">
    <groups>
      <group name="smoke">
        <method signature="LoginPageTest.verifyUsercanloginWithValidPassword()[pri:0, instance:testscript.LoginPageTest@5dafbe45]" name="verifyUsercanloginWithValidPassword" class="testscript.LoginPageTest"/>
        <method signature="LoginPageTest.verifyUsercanloginWithValidPassword()[pri:0, instance:testscript.LoginPageTest@376a0d86]" name="verifyUsercanloginWithValidPassword" class="testscript.LoginPageTest"/>
      </group> <!-- smoke -->
    </groups>
    <test started-at="2025-04-03T10:26:26 IST" name="EdgeTest" finished-at="2025-04-03T10:26:44 IST" duration-ms="17855">
      <class name="testscript.LoginPageTest">
        <test-method is-config="true" signature="beforeMethod(java.lang.String)[pri:0, instance:testscript.LoginPageTest@376a0d86]" started-at="2025-04-03T10:26:26 IST" name="beforeMethod" finished-at="2025-04-03T10:26:34 IST" duration-ms="7886" status="PASS">
          <params>
            <param index="0">
              <value>
                <![CDATA[edge]]>
              </value>
            </param>
          </params>
          <reporter-output>
          </reporter-output>
        </test-method> <!-- beforeMethod -->
        <test-method signature="verifyUsercanloginWithValidPassword()[pri:0, instance:testscript.LoginPageTest@376a0d86]" started-at="2025-04-03T10:26:34 IST" name="verifyUsercanloginWithValidPassword" finished-at="2025-04-03T10:26:44 IST" duration-ms="9736" status="PASS">
          <reporter-output>
          </reporter-output>
        </test-method> <!-- verifyUsercanloginWithValidPassword -->
        <test-method is-config="true" signature="afterMethod(org.testng.ITestResult)[pri:0, instance:testscript.LoginPageTest@376a0d86]" started-at="2025-04-03T10:26:44 IST" name="afterMethod" finished-at="2025-04-03T10:26:44 IST" duration-ms="11" status="PASS">
          <params>
            <param index="0">
              <value>
                <![CDATA[[TestResult name=verifyUsercanloginWithValidPassword status=SUCCESS method=LoginPageTest.verifyUsercanloginWithValidPassword()[pri:0, instance:testscript.LoginPageTest@376a0d86] output={null}]]]>
              </value>
            </param>
          </params>
          <reporter-output>
          </reporter-output>
        </test-method> <!-- afterMethod -->
      </class> <!-- testscript.LoginPageTest -->
    </test> <!-- EdgeTest -->
    <test started-at="2025-04-03T10:26:26 IST" name="ChromeTest" finished-at="2025-04-03T10:26:47 IST" duration-ms="20418">
      <class name="testscript.LoginPageTest">
        <test-method is-config="true" signature="beforeMethod(java.lang.String)[pri:0, instance:testscript.LoginPageTest@5dafbe45]" started-at="2025-04-03T10:26:26 IST" name="beforeMethod" finished-at="2025-04-03T10:26:41 IST" duration-ms="15011" status="PASS">
          <params>
            <param index="0">
              <value>
                <![CDATA[chrome]]>
              </value>
            </param>
          </params>
          <reporter-output>
          </reporter-output>
        </test-method> <!-- beforeMethod -->
        <test-method signature="verifyUsercanloginWithValidPassword()[pri:0, instance:testscript.LoginPageTest@5dafbe45]" started-at="2025-04-03T10:26:41 IST" name="verifyUsercanloginWithValidPassword" finished-at="2025-04-03T10:26:47 IST" duration-ms="5202" status="PASS">
          <reporter-output>
          </reporter-output>
        </test-method> <!-- verifyUsercanloginWithValidPassword -->
        <test-method is-config="true" signature="afterMethod(org.testng.ITestResult)[pri:0, instance:testscript.LoginPageTest@5dafbe45]" started-at="2025-04-03T10:26:47 IST" name="afterMethod" finished-at="2025-04-03T10:26:47 IST" duration-ms="1" status="PASS">
          <params>
            <param index="0">
              <value>
                <![CDATA[[TestResult name=verifyUsercanloginWithValidPassword status=SUCCESS method=LoginPageTest.verifyUsercanloginWithValidPassword()[pri:0, instance:testscript.LoginPageTest@5dafbe45] output={null}]]]>
              </value>
            </param>
          </params>
          <reporter-output>
          </reporter-output>
        </test-method> <!-- afterMethod -->
      </class> <!-- testscript.LoginPageTest -->
    </test> <!-- ChromeTest -->
  </suite> <!-- MultibrowserTesting -->
</testng-results>
