<?xml version="1.0" encoding="UTF-8"?>
<!-- Generated by org.testng.reporters.JUnitXMLReporter -->
<testsuite ignored="3" hostname="DESKTOP-ACPQAES" failures="0" tests="1" name="ChromeTest" time="20.418" errors="0" timestamp="2025-04-03T10:26:47 IST">
  <testcase classname="testscript.LoginPageTest" name="verifyUsercanloginWithValidPassword" time="5.202"/>
  <testcase classname="testscript.LoginPageTest" name="verifyUsercanloginWithINValidUsernames" time="0.0">
    <ignored/>
  </testcase> <!-- verifyUsercanloginWithINValidUsernames -->
  <testcase classname="testscript.LoginPageTest" name="verifyUsercanloginWithInValidCredentials" time="0.0">
    <ignored/>
  </testcase> <!-- verifyUsercanloginWithInValidCredentials -->
  <testcase classname="testscript.LoginPageTest" name="verifyUsercanloginWithInvalidCredentials" time="0.0">
    <ignored/>
  </testcase> <!-- verifyUsercanloginWithInvalidCredentials -->
</testsuite> <!-- ChromeTest -->
